2025-03-06T19:26:54.629+05:30  INFO 11780 --- [Address-Book-App] [restartedMain] c.b.a.AddressBookAppApplication          : Starting AddressBookAppApplication using Java 23.0.2 with PID 11780 (C:\CapgeminiGit\Spring-Address-Book-App\Address-Book-App\target\classes started by Om in C:\CapgeminiGit\Spring-Address-Book-App\Address-Book-App)
2025-03-06T19:26:54.631+05:30 DEBUG 11780 --- [Address-Book-App] [restartedMain] c.b.a.AddressBookAppApplication          : Running with Spring Boot v3.4.3, Spring v6.2.3
2025-03-06T19:26:54.632+05:30  INFO 11780 --- [Address-Book-App] [restartedMain] c.b.a.AddressBookAppApplication          : No active profile set, falling back to 1 default profile: "default"
2025-03-06T19:26:57.232+05:30  WARN 11780 --- [Address-Book-App] [restartedMain] JpaBaseConfiguration$JpaWebConfiguration : spring.jpa.open-in-view is enabled by default. Therefore, database queries may be performed during view rendering. Explicitly configure spring.jpa.open-in-view to disable this warning
2025-03-06T19:26:57.598+05:30  INFO 11780 --- [Address-Book-App] [restartedMain] c.b.a.AddressBookAppApplication          : Started AddressBookAppApplication in 3.351 seconds (process running for 3.966)
2025-03-06T19:26:57.603+05:30  INFO 11780 --- [Address-Book-App] [restartedMain] c.b.a.AddressBookAppApplication          : Address Book App started
2025-03-06T19:46:33.834+05:30  INFO 12856 --- [Address-Book-App] [restartedMain] c.b.a.AddressBookAppApplication          : Starting AddressBookAppApplication using Java 23.0.2 with PID 12856 (C:\CapgeminiGit\Spring-Address-Book-App\Address-Book-App\target\classes started by Om in C:\CapgeminiGit\Spring-Address-Book-App\Address-Book-App)
2025-03-06T19:46:33.836+05:30 DEBUG 12856 --- [Address-Book-App] [restartedMain] c.b.a.AddressBookAppApplication          : Running with Spring Boot v3.4.3, Spring v6.2.3
2025-03-06T19:46:33.837+05:30  INFO 12856 --- [Address-Book-App] [restartedMain] c.b.a.AddressBookAppApplication          : The following 1 profile is active: "dev"
2025-03-06T19:46:36.491+05:30  WARN 12856 --- [Address-Book-App] [restartedMain] JpaBaseConfiguration$JpaWebConfiguration : spring.jpa.open-in-view is enabled by default. Therefore, database queries may be performed during view rendering. Explicitly configure spring.jpa.open-in-view to disable this warning
2025-03-06T19:46:36.875+05:30  INFO 12856 --- [Address-Book-App] [restartedMain] c.b.a.AddressBookAppApplication          : Started AddressBookAppApplication in 3.376 seconds (process running for 3.972)
2025-03-06T19:46:36.877+05:30  INFO 12856 --- [Address-Book-App] [restartedMain] c.b.a.AddressBookAppApplication          : Address Book App started in DEV Environment
2025-03-06T20:06:32.177+05:30  INFO 4780 --- [Address-Book-App] [restartedMain] c.b.a.AddressBookAppApplication          : Starting AddressBookAppApplication using Java 23.0.2 with PID 4780 (C:\CapgeminiGit\Spring-Address-Book-App\Address-Book-App\target\classes started by Om in C:\CapgeminiGit\Spring-Address-Book-App\Address-Book-App)
2025-03-06T20:06:32.179+05:30 DEBUG 4780 --- [Address-Book-App] [restartedMain] c.b.a.AddressBookAppApplication          : Running with Spring Boot v3.4.3, Spring v6.2.3
2025-03-06T20:06:32.179+05:30  INFO 4780 --- [Address-Book-App] [restartedMain] c.b.a.AddressBookAppApplication          : The following 1 profile is active: "dev"
2025-03-06T20:06:34.817+05:30  WARN 4780 --- [Address-Book-App] [restartedMain] JpaBaseConfiguration$JpaWebConfiguration : spring.jpa.open-in-view is enabled by default. Therefore, database queries may be performed during view rendering. Explicitly configure spring.jpa.open-in-view to disable this warning
2025-03-06T20:06:35.213+05:30  INFO 4780 --- [Address-Book-App] [restartedMain] c.b.a.AddressBookAppApplication          : Started AddressBookAppApplication in 3.364 seconds (process running for 3.972)
2025-03-06T20:06:35.217+05:30  INFO 4780 --- [Address-Book-App] [restartedMain] c.b.a.AddressBookAppApplication          : Address Book App started in DEV Environment
2025-03-06T20:06:35.219+05:30  INFO 4780 --- [Address-Book-App] [restartedMain] c.b.a.AddressBookAppApplication          : Address Book DB User is userOm1
2025-03-06T20:17:38.332+05:30  INFO 18684 --- [Address-Book-App] [restartedMain] c.b.a.AddressBookAppApplication          : Starting AddressBookAppApplication using Java 23.0.2 with PID 18684 (C:\CapgeminiGit\Spring-Address-Book-App\Address-Book-App\target\classes started by Om in C:\CapgeminiGit\Spring-Address-Book-App\Address-Book-App)
2025-03-06T20:17:38.334+05:30 DEBUG 18684 --- [Address-Book-App] [restartedMain] c.b.a.AddressBookAppApplication          : Running with Spring Boot v3.4.3, Spring v6.2.3
2025-03-06T20:17:38.335+05:30  INFO 18684 --- [Address-Book-App] [restartedMain] c.b.a.AddressBookAppApplication          : The following 1 profile is active: "dev"
2025-03-06T20:17:40.955+05:30  WARN 18684 --- [Address-Book-App] [restartedMain] JpaBaseConfiguration$JpaWebConfiguration : spring.jpa.open-in-view is enabled by default. Therefore, database queries may be performed during view rendering. Explicitly configure spring.jpa.open-in-view to disable this warning
2025-03-06T20:17:41.313+05:30  INFO 18684 --- [Address-Book-App] [restartedMain] c.b.a.AddressBookAppApplication          : Started AddressBookAppApplication in 3.386 seconds (process running for 3.98)
2025-03-06T20:17:41.317+05:30  INFO 18684 --- [Address-Book-App] [restartedMain] c.b.a.AddressBookAppApplication          : Address Book App started in DEV Environment
2025-03-06T20:17:41.318+05:30  INFO 18684 --- [Address-Book-App] [restartedMain] c.b.a.AddressBookAppApplication          : Address Book DB User is userOm1
2025-03-06T20:33:25.215+05:30  INFO 3776 --- [Address-Book-App] [restartedMain] c.b.a.AddressBookAppApplication          : Starting AddressBookAppApplication using Java 23.0.2 with PID 3776 (C:\CapgeminiGit\Spring-Address-Book-App\Address-Book-App\target\classes started by Om in C:\CapgeminiGit\Spring-Address-Book-App\Address-Book-App)
2025-03-06T20:33:25.216+05:30 DEBUG 3776 --- [Address-Book-App] [restartedMain] c.b.a.AddressBookAppApplication          : Running with Spring Boot v3.4.3, Spring v6.2.3
2025-03-06T20:33:25.218+05:30  INFO 3776 --- [Address-Book-App] [restartedMain] c.b.a.AddressBookAppApplication          : The following 1 profile is active: "dev"
2025-03-06T20:33:28.087+05:30  WARN 3776 --- [Address-Book-App] [restartedMain] JpaBaseConfiguration$JpaWebConfiguration : spring.jpa.open-in-view is enabled by default. Therefore, database queries may be performed during view rendering. Explicitly configure spring.jpa.open-in-view to disable this warning
2025-03-06T20:33:28.496+05:30  INFO 3776 --- [Address-Book-App] [restartedMain] c.b.a.AddressBookAppApplication          : Started AddressBookAppApplication in 3.653 seconds (process running for 4.314)
2025-03-06T20:33:28.500+05:30  INFO 3776 --- [Address-Book-App] [restartedMain] c.b.a.AddressBookAppApplication          : Address Book App started in DEV Environment
2025-03-06T20:33:28.501+05:30  INFO 3776 --- [Address-Book-App] [restartedMain] c.b.a.AddressBookAppApplication          : Address Book DB User is userOm1
2025-03-06T20:33:44.322+05:30  WARN 3776 --- [Address-Book-App] [http-nio-8080-exec-1] .w.s.m.s.DefaultHandlerExceptionResolver : Resolved [org.springframework.web.bind.MethodArgumentNotValidException: Validation failed for argument [0] in public org.springframework.http.ResponseEntity<com.bridgelabz.addressbook.dto.ResponseDTO> com.bridgelabz.addressbook.controller.AddressBookController.createAddress(com.bridgelabz.addressbook.dto.AddressBookDTO) with 2 errors: [Field error in object 'addressBookDTO' on field 'phoneNumber': rejected value [883994514]; codes [Pattern.addressBookDTO.phoneNumber,Pattern.phoneNumber,Pattern.java.lang.String,Pattern]; arguments [org.springframework.context.support.DefaultMessageSourceResolvable: codes [addressBookDTO.phoneNumber,phoneNumber]; arguments []; default message [phoneNumber],[Ljakarta.validation.constraints.Pattern$Flag;@1046746b,^[0-9]{10}$]; default message [Phone number must be exactly 10 digits]] [Field error in object 'addressBookDTO' on field 'name': rejected value [om]; codes [Pattern.addressBookDTO.name,Pattern.name,Pattern.java.lang.String,Pattern]; arguments [org.springframework.context.support.DefaultMessageSourceResolvable: codes [addressBookDTO.name,name]; arguments []; default message [name],[Ljakarta.validation.constraints.Pattern$Flag;@1046746b,^[A-Z]{1}[a-zA-Z\s]{2,}$]; default message [Invalid Name]] ]
2025-03-06T20:35:35.011+05:30  WARN 3776 --- [Address-Book-App] [http-nio-8080-exec-6] .w.s.m.s.DefaultHandlerExceptionResolver : Resolved [org.springframework.web.bind.MethodArgumentNotValidException: Validation failed for argument [0] in public org.springframework.http.ResponseEntity<com.bridgelabz.addressbook.dto.ResponseDTO> com.bridgelabz.addressbook.controller.AddressBookController.createAddress(com.bridgelabz.addressbook.dto.AddressBookDTO): [Field error in object 'addressBookDTO' on field 'name': rejected value [Om]; codes [Pattern.addressBookDTO.name,Pattern.name,Pattern.java.lang.String,Pattern]; arguments [org.springframework.context.support.DefaultMessageSourceResolvable: codes [addressBookDTO.name,name]; arguments []; default message [name],[Ljakarta.validation.constraints.Pattern$Flag;@1046746b,^[A-Z]{1}[a-zA-Z\s]{2,}$]; default message [Invalid Name]] ]
2025-03-06T22:43:57.372+05:30  INFO 4852 --- [Address-Book-App] [restartedMain] c.b.a.AddressBookAppApplication          : Starting AddressBookAppApplication using Java 23.0.2 with PID 4852 (C:\CapgeminiGit\Spring-Address-Book-App\Address-Book-App\target\classes started by Om in C:\CapgeminiGit\Spring-Address-Book-App\Address-Book-App)
2025-03-06T22:43:57.373+05:30 DEBUG 4852 --- [Address-Book-App] [restartedMain] c.b.a.AddressBookAppApplication          : Running with Spring Boot v3.4.3, Spring v6.2.3
2025-03-06T22:43:57.374+05:30  INFO 4852 --- [Address-Book-App] [restartedMain] c.b.a.AddressBookAppApplication          : The following 1 profile is active: "dev"
2025-03-06T22:43:59.777+05:30  WARN 4852 --- [Address-Book-App] [restartedMain] JpaBaseConfiguration$JpaWebConfiguration : spring.jpa.open-in-view is enabled by default. Therefore, database queries may be performed during view rendering. Explicitly configure spring.jpa.open-in-view to disable this warning
2025-03-06T22:44:00.156+05:30  INFO 4852 --- [Address-Book-App] [restartedMain] c.b.a.AddressBookAppApplication          : Started AddressBookAppApplication in 3.114 seconds (process running for 3.617)
2025-03-06T22:44:00.159+05:30  INFO 4852 --- [Address-Book-App] [restartedMain] c.b.a.AddressBookAppApplication          : Address Book App started in DEV Environment
2025-03-06T22:44:00.161+05:30  INFO 4852 --- [Address-Book-App] [restartedMain] c.b.a.AddressBookAppApplication          : Address Book DB User is userOm1
